[debug] [2021-12-25T04:28:45.815Z] ----------------------------------------------------------------------
[debug] [2021-12-25T04:28:45.818Z] Command:       C:\Program Files\nodejs\node.exe C:\Users\kumar\AppData\Roaming\npm\node_modules\firebase-tools\lib\bin\firebase.js init
[debug] [2021-12-25T04:28:45.819Z] CLI Version:   10.0.1
[debug] [2021-12-25T04:28:45.819Z] Platform:      win32
[debug] [2021-12-25T04:28:45.819Z] Node Version:  v14.17.5
[debug] [2021-12-25T04:28:45.820Z] Time:          Sat Dec 25 2021 09:58:45 GMT+0530 (India Standard Time)
[debug] [2021-12-25T04:28:45.820Z] ----------------------------------------------------------------------
[debug] 
[debug] [2021-12-25T04:28:45.828Z] > command requires scopes: ["email","openid","https://www.googleapis.com/auth/cloudplatformprojects.readonly","https://www.googleapis.com/auth/firebase","https://www.googleapis.com/auth/cloud-platform"]
[debug] [2021-12-25T04:28:45.828Z] > authorizing via signed-in user (rahul080924@gmail.com)
[info] 
     ######## #### ########  ######## ########     ###     ######  ########
     ##        ##  ##     ## ##       ##     ##  ##   ##  ##       ##
     ######    ##  ########  ######   ########  #########  ######  ######
     ##        ##  ##    ##  ##       ##     ## ##     ##       ## ##
     ##       #### ##     ## ######## ########  ##     ##  ######  ########

You're about to initialize a Firebase project in this directory:

  C:\komalPersonal\React\Udacity\wur-game

Before we get started, keep in mind:

  * You are currently outside your home directory

[info] 
=== Project Setup
[info] 
[info] First, let's associate this project directory with a Firebase project.
[info] You can create multiple project aliases by running firebase use --add, 
[info] but for now we'll just set up a default project.
[info] 
[info] i  If you want to create a project in a Google Cloud organization or folder, please use "firebase projects:create" instead, and return to this command when you've created the project. 
[debug] [2021-12-25T04:29:32.466Z] ----------------------------------------------------------------------
[debug] [2021-12-25T04:29:32.469Z] Command:       C:\Program Files\nodejs\node.exe C:\Users\kumar\AppData\Roaming\npm\node_modules\firebase-tools\lib\bin\firebase.js init
[debug] [2021-12-25T04:29:32.469Z] CLI Version:   10.0.1
[debug] [2021-12-25T04:29:32.469Z] Platform:      win32
[debug] [2021-12-25T04:29:32.470Z] Node Version:  v14.17.5
[debug] [2021-12-25T04:29:32.471Z] Time:          Sat Dec 25 2021 09:59:32 GMT+0530 (India Standard Time)
[debug] [2021-12-25T04:29:32.471Z] ----------------------------------------------------------------------
[debug] 
[debug] [2021-12-25T04:29:32.480Z] > command requires scopes: ["email","openid","https://www.googleapis.com/auth/cloudplatformprojects.readonly","https://www.googleapis.com/auth/firebase","https://www.googleapis.com/auth/cloud-platform"]
[debug] [2021-12-25T04:29:32.480Z] > authorizing via signed-in user (rahul080924@gmail.com)
[info] 
     ######## #### ########  ######## ########     ###     ######  ########
     ##        ##  ##     ## ##       ##     ##  ##   ##  ##       ##
     ######    ##  ########  ######   ########  #########  ######  ######
     ##        ##  ##    ##  ##       ##     ## ##     ##       ## ##
     ##       #### ##     ## ######## ########  ##     ##  ######  ########

You're about to initialize a Firebase project in this directory:

  C:\komalPersonal\React\Udacity\wur-game

Before we get started, keep in mind:

  * You are currently outside your home directory

[info] 
=== Project Setup
[info] 
[info] First, let's associate this project directory with a Firebase project.
[info] You can create multiple project aliases by running firebase use --add, 
[info] but for now we'll just set up a default project.
[info] 
[info] i  If you want to create a project in a Google Cloud organization or folder, please use "firebase projects:create" instead, and return to this command when you've created the project. 
[debug] [2021-12-25T04:30:54.391Z] > refreshing access token with scopes: ["email","https://www.googleapis.com/auth/cloud-platform","https://www.googleapis.com/auth/cloudplatformprojects.readonly","https://www.googleapis.com/auth/firebase","openid"]
[debug] [2021-12-25T04:30:54.392Z] >>> HTTP REQUEST POST https://www.googleapis.com/oauth2/v3/token  
 <request body omitted>
[debug] [2021-12-25T04:30:54.895Z] <<< HTTP RESPONSE 200 {"date":"Sat, 25 Dec 2021 04:30:55 GMT","expires":"Mon, 01 Jan 1990 00:00:00 GMT","pragma":"no-cache","cache-control":"no-cache, no-store, max-age=0, must-revalidate","content-type":"application/json; charset=utf-8","vary":"X-Origin, Referer, Origin,Accept-Encoding","server":"scaffolding on HTTPServer2","x-xss-protection":"0","x-frame-options":"SAMEORIGIN","x-content-type-options":"nosniff","alt-svc":"h3=\":443\"; ma=2592000,h3-29=\":443\"; ma=2592000,h3-Q050=\":443\"; ma=2592000,h3-Q046=\":443\"; ma=2592000,h3-Q043=\":443\"; ma=2592000,quic=\":443\"; ma=2592000; v=\"46,43\"","accept-ranges":"none","transfer-encoding":"chunked"}
[debug] [2021-12-25T04:30:54.912Z] >>> HTTP REQUEST POST https://cloudresourcemanager.googleapis.com/v1/projects  
 {"projectId":"wurgame","name":"wurgame"}
[debug] [2021-12-25T04:30:57.154Z] <<< HTTP RESPONSE 200 {"content-type":"application/json; charset=UTF-8","vary":"X-Origin, Referer, Origin,Accept-Encoding","date":"Sat, 25 Dec 2021 04:30:57 GMT","server":"ESF","cache-control":"private","x-xss-protection":"0","x-frame-options":"SAMEORIGIN","x-content-type-options":"nosniff","server-timing":"gfet4t7; dur=1734","alt-svc":"h3=\":443\"; ma=2592000,h3-29=\":443\"; ma=2592000,h3-Q050=\":443\"; ma=2592000,h3-Q046=\":443\"; ma=2592000,h3-Q043=\":443\"; ma=2592000,quic=\":443\"; ma=2592000; v=\"46,43\"","accept-ranges":"none","transfer-encoding":"chunked"}
[debug] [2021-12-25T04:30:57.160Z] > refreshing access token with scopes: []
[debug] [2021-12-25T04:30:57.160Z] >>> HTTP REQUEST POST https://www.googleapis.com/oauth2/v3/token  
 <request body omitted>
[debug] [2021-12-25T04:30:57.565Z] <<< HTTP RESPONSE 200 {"cache-control":"no-cache, no-store, max-age=0, must-revalidate","date":"Sat, 25 Dec 2021 04:30:58 GMT","expires":"Mon, 01 Jan 1990 00:00:00 GMT","pragma":"no-cache","content-type":"application/json; charset=utf-8","vary":"X-Origin, Referer, Origin,Accept-Encoding","server":"scaffolding on HTTPServer2","x-xss-protection":"0","x-frame-options":"SAMEORIGIN","x-content-type-options":"nosniff","alt-svc":"h3=\":443\"; ma=2592000,h3-29=\":443\"; ma=2592000,h3-Q050=\":443\"; ma=2592000,h3-Q046=\":443\"; ma=2592000,h3-Q043=\":443\"; ma=2592000,quic=\":443\"; ma=2592000; v=\"46,43\"","accept-ranges":"none","transfer-encoding":"chunked"}
[debug] [2021-12-25T04:30:57.581Z] >>> [apiv2][query] GET https://cloudresourcemanager.googleapis.com/v1/operations/cp.6929311387447095715 [none]
[debug] [2021-12-25T04:30:59.472Z] <<< [apiv2][status] GET https://cloudresourcemanager.googleapis.com/v1/operations/cp.6929311387447095715 200
[debug] [2021-12-25T04:30:59.473Z] <<< [apiv2][body] GET https://cloudresourcemanager.googleapis.com/v1/operations/cp.6929311387447095715 {"name":"operations/cp.6929311387447095715","metadata":{"@type":"type.googleapis.com/google.cloudresourcemanager.v1.ProjectCreationStatus","gettable":true}}
[debug] [2021-12-25T04:30:59.984Z] [Project Creation Poller] Retrying task index 0
[debug] [2021-12-25T04:30:59.985Z] >>> [apiv2][query] GET https://cloudresourcemanager.googleapis.com/v1/operations/cp.6929311387447095715 [none]
[debug] [2021-12-25T04:31:01.939Z] <<< [apiv2][status] GET https://cloudresourcemanager.googleapis.com/v1/operations/cp.6929311387447095715 200
[debug] [2021-12-25T04:31:01.939Z] <<< [apiv2][body] GET https://cloudresourcemanager.googleapis.com/v1/operations/cp.6929311387447095715 {"name":"operations/cp.6929311387447095715","metadata":{"@type":"type.googleapis.com/google.cloudresourcemanager.v1.ProjectCreationStatus","gettable":true,"ready":true},"done":true,"response":{"@type":"type.googleapis.com/google.cloudresourcemanager.v1.Project","projectNumber":"940346688955","projectId":"wurgame","lifecycleState":"ACTIVE","name":"wurgame","createTime":"2021-12-25T04:30:57.298Z"}}
[debug] [2021-12-25T04:31:01.942Z] > refreshing access token with scopes: ["email","https://www.googleapis.com/auth/cloud-platform","https://www.googleapis.com/auth/cloudplatformprojects.readonly","https://www.googleapis.com/auth/firebase","openid"]
[debug] [2021-12-25T04:31:01.943Z] >>> HTTP REQUEST POST https://www.googleapis.com/oauth2/v3/token  
 <request body omitted>
[debug] [2021-12-25T04:31:02.341Z] <<< HTTP RESPONSE 200 {"expires":"Mon, 01 Jan 1990 00:00:00 GMT","date":"Sat, 25 Dec 2021 04:31:02 GMT","pragma":"no-cache","cache-control":"no-cache, no-store, max-age=0, must-revalidate","content-type":"application/json; charset=utf-8","vary":"X-Origin, Referer, Origin,Accept-Encoding","server":"scaffolding on HTTPServer2","x-xss-protection":"0","x-frame-options":"SAMEORIGIN","x-content-type-options":"nosniff","alt-svc":"h3=\":443\"; ma=2592000,h3-29=\":443\"; ma=2592000,h3-Q050=\":443\"; ma=2592000,h3-Q046=\":443\"; ma=2592000,h3-Q043=\":443\"; ma=2592000,quic=\":443\"; ma=2592000; v=\"46,43\"","accept-ranges":"none","transfer-encoding":"chunked"}
[debug] [2021-12-25T04:31:02.352Z] >>> HTTP REQUEST POST https://firebase.googleapis.com/v1beta1/projects/wurgame:addFirebase  
 
[debug] [2021-12-25T04:31:06.170Z] <<< HTTP RESPONSE 200 {"content-type":"application/json; charset=UTF-8","vary":"X-Origin, Referer, Origin,Accept-Encoding","date":"Sat, 25 Dec 2021 04:31:06 GMT","server":"ESF","cache-control":"private","x-xss-protection":"0","x-frame-options":"SAMEORIGIN","x-content-type-options":"nosniff","alt-svc":"h3=\":443\"; ma=2592000,h3-29=\":443\"; ma=2592000,h3-Q050=\":443\"; ma=2592000,h3-Q046=\":443\"; ma=2592000,h3-Q043=\":443\"; ma=2592000,quic=\":443\"; ma=2592000; v=\"46,43\"","accept-ranges":"none","transfer-encoding":"chunked"}
[debug] [2021-12-25T04:31:06.171Z] > refreshing access token with scopes: []
[debug] [2021-12-25T04:31:06.172Z] >>> HTTP REQUEST POST https://www.googleapis.com/oauth2/v3/token  
 <request body omitted>
[debug] [2021-12-25T04:31:06.587Z] <<< HTTP RESPONSE 200 {"pragma":"no-cache","cache-control":"no-cache, no-store, max-age=0, must-revalidate","date":"Sat, 25 Dec 2021 04:31:07 GMT","expires":"Mon, 01 Jan 1990 00:00:00 GMT","content-type":"application/json; charset=utf-8","vary":"X-Origin, Referer, Origin,Accept-Encoding","server":"scaffolding on HTTPServer2","x-xss-protection":"0","x-frame-options":"SAMEORIGIN","x-content-type-options":"nosniff","alt-svc":"h3=\":443\"; ma=2592000,h3-29=\":443\"; ma=2592000,h3-Q050=\":443\"; ma=2592000,h3-Q046=\":443\"; ma=2592000,h3-Q043=\":443\"; ma=2592000,quic=\":443\"; ma=2592000; v=\"46,43\"","accept-ranges":"none","transfer-encoding":"chunked"}
[debug] [2021-12-25T04:31:06.600Z] >>> [apiv2][query] GET https://firebase.googleapis.com/v1beta1/operations/workflows/Yjk1ODY3MjUtZDViZC00OGZjLTk5MDItMzdlYjlmNzA1YjNk [none]
[debug] [2021-12-25T04:31:08.241Z] <<< [apiv2][status] GET https://firebase.googleapis.com/v1beta1/operations/workflows/Yjk1ODY3MjUtZDViZC00OGZjLTk5MDItMzdlYjlmNzA1YjNk 200
[debug] [2021-12-25T04:31:08.241Z] <<< [apiv2][body] GET https://firebase.googleapis.com/v1beta1/operations/workflows/Yjk1ODY3MjUtZDViZC00OGZjLTk5MDItMzdlYjlmNzA1YjNk {"name":"operations/workflows/Yjk1ODY3MjUtZDViZC00OGZjLTk5MDItMzdlYjlmNzA1YjNk"}
[debug] [2021-12-25T04:31:08.755Z] [Add Firebase Poller] Retrying task index 0
[debug] [2021-12-25T04:31:08.755Z] >>> [apiv2][query] GET https://firebase.googleapis.com/v1beta1/operations/workflows/Yjk1ODY3MjUtZDViZC00OGZjLTk5MDItMzdlYjlmNzA1YjNk [none]
[debug] [2021-12-25T04:31:10.320Z] <<< [apiv2][status] GET https://firebase.googleapis.com/v1beta1/operations/workflows/Yjk1ODY3MjUtZDViZC00OGZjLTk5MDItMzdlYjlmNzA1YjNk 200
[debug] [2021-12-25T04:31:10.320Z] <<< [apiv2][body] GET https://firebase.googleapis.com/v1beta1/operations/workflows/Yjk1ODY3MjUtZDViZC00OGZjLTk5MDItMzdlYjlmNzA1YjNk {"name":"operations/workflows/Yjk1ODY3MjUtZDViZC00OGZjLTk5MDItMzdlYjlmNzA1YjNk"}
[debug] [2021-12-25T04:31:11.331Z] [Add Firebase Poller] Retrying task index 0
[debug] [2021-12-25T04:31:11.332Z] >>> [apiv2][query] GET https://firebase.googleapis.com/v1beta1/operations/workflows/Yjk1ODY3MjUtZDViZC00OGZjLTk5MDItMzdlYjlmNzA1YjNk [none]
[debug] [2021-12-25T04:31:12.877Z] <<< [apiv2][status] GET https://firebase.googleapis.com/v1beta1/operations/workflows/Yjk1ODY3MjUtZDViZC00OGZjLTk5MDItMzdlYjlmNzA1YjNk 200
[debug] [2021-12-25T04:31:12.877Z] <<< [apiv2][body] GET https://firebase.googleapis.com/v1beta1/operations/workflows/Yjk1ODY3MjUtZDViZC00OGZjLTk5MDItMzdlYjlmNzA1YjNk {"name":"operations/workflows/Yjk1ODY3MjUtZDViZC00OGZjLTk5MDItMzdlYjlmNzA1YjNk","done":true,"response":{"@type":"type.googleapis.com/google.firebase.service.v1beta1.FirebaseProject","projectId":"wurgame","projectNumber":"940346688955","displayName":"wurgame","name":"projects/wurgame","resources":{"hostingSite":"wurgame"}}}
[info] 
[info] === Your Firebase project is ready! ===
[info] 
[info] Project information:
[info]    - Project ID: wurgame
[info]    - Project Name: wurgame
[info] 
[info] Firebase console is available at
[info] https://console.firebase.google.com/project/wurgame/overview
[info] i  Using project wurgame (wurgame) 
[info] 
=== Hosting Setup
[info] 
[info] Your public directory is the folder (relative to your project directory) that
[info] will contain Hosting assets to be uploaded with firebase deploy. If you
[info] have a build process for your assets, use your build's output directory.
[info] 
[debug] [2021-12-25T04:31:33.057Z] >>> [apiv2][query] GET https://www.gstatic.com/firebasejs/releases.json [none]
[debug] [2021-12-25T04:31:33.468Z] <<< [apiv2][status] GET https://www.gstatic.com/firebasejs/releases.json 200
[debug] [2021-12-25T04:31:33.469Z] <<< [apiv2][body] GET https://www.gstatic.com/firebasejs/releases.json {"current":{"version":"9.6.1","browserURL":"https://www.gstatic.com/firebasejs/9.6.1/firebase.js","packageURL":"https://www.gstatic.com/firebasejs/9.6.1/firebase.tgz"},"live":{"version":"9.6","browserURL":"https://www.gstatic.com/firebasejs/live/9.6/firebase.js","packageURL":"https://www.gstatic.com/firebasejs/live/9.6/firebase.tgz"},"components":{"analytics":"https://www.gstatic.com/firebasejs/9.6.1/firebase-analytics.js","app":"https://www.gstatic.com/firebasejs/9.6.1/firebase-app.js","app-check":"https://www.gstatic.com/firebasejs/9.6.1/firebase-app-check.js","auth":"https://www.gstatic.com/firebasejs/9.6.1/firebase-auth.js","auth/cordova":"https://www.gstatic.com/firebasejs/9.6.1/firebase-auth/cordova.js","auth/react-native":"https://www.gstatic.com/firebasejs/9.6.1/firebase-auth/react-native.js","functions":"https://www.gstatic.com/firebasejs/9.6.1/firebase-functions.js","firestore":"https://www.gstatic.com/firebasejs/9.6.1/firebase-firestore.js","firestore/lite":"https://www.gstatic.com/firebasejs/9.6.1/firebase-firestore/lite.js","storage":"https://www.gstatic.com/firebasejs/9.6.1/firebase-storage.js","performance":"https://www.gstatic.com/firebasejs/9.6.1/firebase-performance.js","remote-config":"https://www.gstatic.com/firebasejs/9.6.1/firebase-remote-config.js","messaging":"https://www.gstatic.com/firebasejs/9.6.1/firebase-messaging.js","messaging/sw":"https://www.gstatic.com/firebasejs/9.6.1/firebase-messaging/sw.js","database":"https://www.gstatic.com/firebasejs/9.6.1/firebase-database.js","firestore.memory":"https://www.gstatic.com/firebasejs/9.6.1/firebase-firestore.memory.js"}}
[info] i  Skipping write of public/index.html 
[info] 
[info] i  Detected a .git folder at C:\komalPersonal\React\Udacity\wur-game 
[info] i  Authorizing with GitHub to upload your service account to a GitHub repository's secrets store. 
[info] 
[info] Visit this URL on this device to log in:
[info] https://github.com/login/oauth/authorize?client_id=89cf50f02ac6aaed3484&state=568455323&redirect_uri=http%3A%2F%2Flocalhost%3A9005&scope=read%3Auser%20repo%20public_repo
[info] 
[info] Waiting for authentication...
[debug] [2021-12-25T04:32:03.685Z] >>> HTTP REQUEST POST https://github.com/login/oauth/access_token  
 {"client_id":"89cf50f02ac6aaed3484","client_secret":"3330d14abc895d9a74d5f17cd7a00711fa2c5bf0","code":"1771561b08fd7169655d","redirect_uri":"http://localhost:9005","state":"568455323"}
[debug] [2021-12-25T04:32:04.234Z] <<< HTTP RESPONSE 200 {"server":"GitHub.com","date":"Sat, 25 Dec 2021 04:32:04 GMT","content-type":"application/json; charset=utf-8","transfer-encoding":"chunked","vary":"X-PJAX, X-PJAX-Container, Accept-Encoding, Accept, X-Requested-With","permissions-policy":"interest-cohort=()","etag":"W/\"0b8ae5ddef7cc3c732d8d13c1127a5d9\"","cache-control":"max-age=0, private, must-revalidate","strict-transport-security":"max-age=31536000; includeSubdomains; preload","x-frame-options":"deny","x-content-type-options":"nosniff","x-xss-protection":"0","referrer-policy":"origin-when-cross-origin, strict-origin-when-cross-origin","expect-ct":"max-age=2592000, report-uri=\"https://api.github.com/_private/browser/errors\"","content-security-policy":"default-src 'none'; base-uri 'self'; block-all-mixed-content; child-src github.com/assets-cdn/worker/ gist.github.com/assets-cdn/worker/; connect-src 'self' uploads.github.com objects-origin.githubusercontent.com www.githubstatus.com collector.githubapp.com api.github.com github-cloud.s3.amazonaws.com github-production-repository-file-5c1aeb.s3.amazonaws.com github-production-upload-manifest-file-7fdce7.s3.amazonaws.com github-production-user-asset-6210df.s3.amazonaws.com cdn.optimizely.com logx.optimizely.com/v1/events translator.github.com wss://alive.github.com; font-src github.githubassets.com; form-action 'self' github.com gist.github.com objects-origin.githubusercontent.com; frame-ancestors 'none'; frame-src render.githubusercontent.com viewscreen.githubusercontent.com notebooks.githubusercontent.com; img-src 'self' data: github.githubassets.com identicons.github.com collector.githubapp.com github-cloud.s3.amazonaws.com secured-user-images.githubusercontent.com/ *.githubusercontent.com; manifest-src 'self'; media-src github.com user-images.githubusercontent.com/; script-src github.githubassets.com; style-src 'unsafe-inline' github.githubassets.com; worker-src github.com/assets-cdn/worker/ gist.github.com/assets-cdn/worker/","x-github-request-id":"F426:7839:12A886E:156CC2A:61C69EC4"}
[debug] [2021-12-25T04:32:04.238Z] >>> [apiv2][query] GET https://api.github.com/user [none]
[debug] [2021-12-25T04:32:04.864Z] <<< [apiv2][status] GET https://api.github.com/user 200
[debug] [2021-12-25T04:32:04.864Z] <<< [apiv2][body] GET https://api.github.com/user {"login":"rahuls24","id":48307143,"node_id":"MDQ6VXNlcjQ4MzA3MTQz","avatar_url":"https://avatars.githubusercontent.com/u/48307143?v=4","gravatar_id":"","url":"https://api.github.com/users/rahuls24","html_url":"https://github.com/rahuls24","followers_url":"https://api.github.com/users/rahuls24/followers","following_url":"https://api.github.com/users/rahuls24/following{/other_user}","gists_url":"https://api.github.com/users/rahuls24/gists{/gist_id}","starred_url":"https://api.github.com/users/rahuls24/starred{/owner}{/repo}","subscriptions_url":"https://api.github.com/users/rahuls24/subscriptions","organizations_url":"https://api.github.com/users/rahuls24/orgs","repos_url":"https://api.github.com/users/rahuls24/repos","events_url":"https://api.github.com/users/rahuls24/events{/privacy}","received_events_url":"https://api.github.com/users/rahuls24/received_events","type":"User","site_admin":false,"name":"Rahul Kumar","company":null,"blog":"https://rahuls24.github.io/myProfile/","location":"Bhubaneswar","email":"cse.170310430@silicon.ac.in","hireable":null,"bio":"Completing graduation from CSE stream 2021.ReactJs | NodeJs | MongoDb | React Native| Flutter| Ethereum | love to code","twitter_username":"itsrahuls24","public_repos":42,"public_gists":0,"followers":4,"following":3,"created_at":"2019-03-07T04:31:18Z","updated_at":"2021-12-21T04:47:53Z","private_gists":0,"total_private_repos":1,"owned_private_repos":1,"disk_usage":136680,"collaborators":0,"two_factor_authentication":true,"plan":{"name":"pro","space":976562499,"collaborators":0,"private_repos":9999}}
[info] 
[info] +  Success! Logged into GitHub as rahuls24 
[info] 
